{"/Users/ybyu/Documents/env-config/src/env-var-config.ts": {"path":"/Users/ybyu/Documents/env-config/src/env-var-config.ts","statementMap":{"0":{"start":{"line":2,"column":0},"end":{"line":2,"column":28}},"1":{"start":{"line":3,"column":0},"end":{"line":3,"column":69}},"2":{"start":{"line":4,"column":0},"end":{"line":4,"column":54}},"3":{"start":{"line":6,"column":0},"end":{"line":6,"column":20}},"4":{"start":{"line":7,"column":0},"end":{"line":7,"column":44}},"5":{"start":{"line":37,"column":26},"end":{"line":37,"column":32}},"6":{"start":{"line":42,"column":20},"end":{"line":42,"column":25}},"7":{"start":{"line":47,"column":90},"end":{"line":64,"column":null}},"8":{"start":{"line":74,"column":2},"end":{"line":76,"column":3}},"9":{"start":{"line":75,"column":4},"end":{"line":75,"column":47}},"10":{"start":{"line":79,"column":2},"end":{"line":81,"column":3}},"11":{"start":{"line":80,"column":4},"end":{"line":80,"column":40}},"12":{"start":{"line":84,"column":19},"end":{"line":84,"column":51}},"13":{"start":{"line":85,"column":2},"end":{"line":90,"column":3}},"14":{"start":{"line":86,"column":4},"end":{"line":86,"column":69}},"15":{"start":{"line":87,"column":4},"end":{"line":87,"column":38}},"16":{"start":{"line":89,"column":4},"end":{"line":89,"column":59}},"17":{"start":{"line":104,"column":12},"end":{"line":104,"column":32}},"18":{"start":{"line":107,"column":25},"end":{"line":107,"column":47}},"19":{"start":{"line":108,"column":2},"end":{"line":110,"column":3}},"20":{"start":{"line":109,"column":4},"end":{"line":109,"column":26}},"21":{"start":{"line":113,"column":2},"end":{"line":115,"column":3}},"22":{"start":{"line":114,"column":4},"end":{"line":114,"column":22}},"23":{"start":{"line":118,"column":2},"end":{"line":123,"column":3}},"24":{"start":{"line":119,"column":34},"end":{"line":119,"column":74}},"25":{"start":{"line":120,"column":4},"end":{"line":122,"column":5}},"26":{"start":{"line":121,"column":6},"end":{"line":121,"column":35}},"27":{"start":{"line":126,"column":2},"end":{"line":135,"column":3}},"28":{"start":{"line":127,"column":34},"end":{"line":127,"column":62}},"29":{"start":{"line":128,"column":4},"end":{"line":134,"column":5}},"30":{"start":{"line":129,"column":6},"end":{"line":133,"column":7}},"31":{"start":{"line":130,"column":8},"end":{"line":132,"column":9}},"32":{"start":{"line":131,"column":10},"end":{"line":131,"column":26}},"33":{"start":{"line":138,"column":2},"end":{"line":138,"column":27}},"34":{"start":{"line":147,"column":2},"end":{"line":147,"column":26}},"35":{"start":{"line":158,"column":16},"end":{"line":158,"column":29}},"36":{"start":{"line":159,"column":2},"end":{"line":161,"column":3}},"37":{"start":{"line":160,"column":4},"end":{"line":160,"column":40}},"38":{"start":{"line":164,"column":2},"end":{"line":164,"column":23}},"39":{"start":{"line":175,"column":16},"end":{"line":175,"column":29}},"40":{"start":{"line":176,"column":2},"end":{"line":178,"column":3}},"41":{"start":{"line":177,"column":4},"end":{"line":177,"column":40}},"42":{"start":{"line":181,"column":2},"end":{"line":181,"column":46}},"43":{"start":{"line":192,"column":16},"end":{"line":192,"column":29}},"44":{"start":{"line":193,"column":2},"end":{"line":195,"column":3}},"45":{"start":{"line":194,"column":4},"end":{"line":194,"column":40}},"46":{"start":{"line":198,"column":2},"end":{"line":198,"column":47}},"47":{"start":{"line":204,"column":21},"end":{"line":210,"column":2}},"48":{"start":{"line":211,"column":0},"end":{"line":211,"column":22}}},"fnMap":{"0":{"name":"config","decl":{"start":{"line":72,"column":9},"end":{"line":72,"column":15}},"loc":{"start":{"line":72,"column":49},"end":{"line":91,"column":1}}},"1":{"name":"determineFilePath","decl":{"start":{"line":102,"column":9},"end":{"line":102,"column":26}},"loc":{"start":{"line":102,"column":55},"end":{"line":139,"column":1}}},"2":{"name":"getValue","decl":{"start":{"line":146,"column":9},"end":{"line":146,"column":17}},"loc":{"start":{"line":146,"column":29},"end":{"line":148,"column":1}}},"3":{"name":"getString","decl":{"start":{"line":156,"column":9},"end":{"line":156,"column":18}},"loc":{"start":{"line":156,"column":30},"end":{"line":165,"column":1}}},"4":{"name":"getNumber","decl":{"start":{"line":173,"column":9},"end":{"line":173,"column":18}},"loc":{"start":{"line":173,"column":30},"end":{"line":182,"column":1}}},"5":{"name":"getBoolean","decl":{"start":{"line":190,"column":9},"end":{"line":190,"column":19}},"loc":{"start":{"line":190,"column":31},"end":{"line":199,"column":1}}}},"branchMap":{"0":{"loc":{"start":{"line":72,"column":16},"end":{"line":72,"column":49}},"type":"default-arg","locations":[{"start":{"line":72,"column":47},"end":{"line":72,"column":49}}]},"1":{"loc":{"start":{"line":74,"column":2},"end":{"line":76,"column":3}},"type":"if","locations":[{"start":{"line":74,"column":2},"end":{"line":76,"column":3}}]},"2":{"loc":{"start":{"line":79,"column":2},"end":{"line":81,"column":3}},"type":"if","locations":[{"start":{"line":79,"column":2},"end":{"line":81,"column":3}}]},"3":{"loc":{"start":{"line":85,"column":2},"end":{"line":90,"column":3}},"type":"if","locations":[{"start":{"line":85,"column":2},"end":{"line":90,"column":3}},{"start":{"line":88,"column":9},"end":{"line":90,"column":3}}]},"4":{"loc":{"start":{"line":108,"column":2},"end":{"line":110,"column":3}},"type":"if","locations":[{"start":{"line":108,"column":2},"end":{"line":110,"column":3}}]},"5":{"loc":{"start":{"line":108,"column":6},"end":{"line":108,"column":53}},"type":"binary-expr","locations":[{"start":{"line":108,"column":6},"end":{"line":108,"column":20}},{"start":{"line":108,"column":24},"end":{"line":108,"column":53}}]},"6":{"loc":{"start":{"line":113,"column":2},"end":{"line":115,"column":3}},"type":"if","locations":[{"start":{"line":113,"column":2},"end":{"line":115,"column":3}}]},"7":{"loc":{"start":{"line":118,"column":2},"end":{"line":123,"column":3}},"type":"if","locations":[{"start":{"line":118,"column":2},"end":{"line":123,"column":3}}]},"8":{"loc":{"start":{"line":120,"column":4},"end":{"line":122,"column":5}},"type":"if","locations":[{"start":{"line":120,"column":4},"end":{"line":122,"column":5}}]},"9":{"loc":{"start":{"line":120,"column":8},"end":{"line":120,"column":69}},"type":"binary-expr","locations":[{"start":{"line":120,"column":8},"end":{"line":120,"column":29}},{"start":{"line":120,"column":33},"end":{"line":120,"column":69}}]},"10":{"loc":{"start":{"line":128,"column":4},"end":{"line":134,"column":5}},"type":"if","locations":[{"start":{"line":128,"column":4},"end":{"line":134,"column":5}}]},"11":{"loc":{"start":{"line":130,"column":8},"end":{"line":132,"column":9}},"type":"if","locations":[{"start":{"line":130,"column":8},"end":{"line":132,"column":9}}]},"12":{"loc":{"start":{"line":159,"column":2},"end":{"line":161,"column":3}},"type":"if","locations":[{"start":{"line":159,"column":2},"end":{"line":161,"column":3}}]},"13":{"loc":{"start":{"line":176,"column":2},"end":{"line":178,"column":3}},"type":"if","locations":[{"start":{"line":176,"column":2},"end":{"line":178,"column":3}}]},"14":{"loc":{"start":{"line":193,"column":2},"end":{"line":195,"column":3}},"type":"if","locations":[{"start":{"line":193,"column":2},"end":{"line":195,"column":3}}]}},"s":{"0":0,"1":0,"2":0,"3":0,"4":0,"5":0,"6":0,"7":0,"8":0,"9":0,"10":0,"11":0,"12":0,"13":0,"14":0,"15":0,"16":0,"17":0,"18":0,"19":0,"20":0,"21":0,"22":0,"23":0,"24":0,"25":0,"26":0,"27":0,"28":0,"29":0,"30":0,"31":0,"32":0,"33":0,"34":0,"35":0,"36":0,"37":0,"38":0,"39":0,"40":0,"41":0,"42":0,"43":0,"44":0,"45":0,"46":0,"47":0,"48":0},"f":{"0":0,"1":0,"2":0,"3":0,"4":0,"5":0},"b":{"0":[0],"1":[0],"2":[0],"3":[0,0],"4":[0],"5":[0,0],"6":[0],"7":[0],"8":[0],"9":[0,0],"10":[0],"11":[0],"12":[0],"13":[0],"14":[0]}}
,"/Users/ybyu/Documents/env-config/src/errors/envConfigError.ts": {"path":"/Users/ybyu/Documents/env-config/src/errors/envConfigError.ts","statementMap":{"0":{"start":{"line":10,"column":4},"end":{"line":10,"column":19}},"1":{"start":{"line":11,"column":4},"end":{"line":11,"column":33}},"2":{"start":{"line":12,"column":4},"end":{"line":12,"column":58}},"3":{"start":{"line":4,"column":0},"end":{"line":4,"column":13}}},"fnMap":{"0":{"name":"(anonymous_0)","decl":{"start":{"line":9,"column":2},"end":{"line":9,"column":14}},"loc":{"start":{"line":9,"column":29},"end":{"line":13,"column":3}}}},"branchMap":{},"s":{"0":0,"1":0,"2":0,"3":1},"f":{"0":0},"b":{}}
,"/Users/ybyu/Documents/env-config/src/errors/typeConversionError.ts": {"path":"/Users/ybyu/Documents/env-config/src/errors/typeConversionError.ts","statementMap":{"0":{"start":{"line":1,"column":0},"end":{"line":1,"column":50}},"1":{"start":{"line":14,"column":4},"end":{"line":14,"column":101}},"2":{"start":{"line":15,"column":4},"end":{"line":15,"column":38}},"3":{"start":{"line":16,"column":4},"end":{"line":16,"column":63}},"4":{"start":{"line":7,"column":0},"end":{"line":7,"column":13}}},"fnMap":{"0":{"name":"(anonymous_0)","decl":{"start":{"line":13,"column":2},"end":{"line":13,"column":14}},"loc":{"start":{"line":13,"column":47},"end":{"line":17,"column":3}}}},"branchMap":{},"s":{"0":1,"1":0,"2":0,"3":0,"4":1},"f":{"0":0},"b":{}}
,"/Users/ybyu/Documents/env-config/src/errors/undefinedEnvVarError.ts": {"path":"/Users/ybyu/Documents/env-config/src/errors/undefinedEnvVarError.ts","statementMap":{"0":{"start":{"line":1,"column":0},"end":{"line":1,"column":50}},"1":{"start":{"line":12,"column":4},"end":{"line":12,"column":59}},"2":{"start":{"line":13,"column":4},"end":{"line":13,"column":39}},"3":{"start":{"line":14,"column":4},"end":{"line":14,"column":64}},"4":{"start":{"line":6,"column":0},"end":{"line":6,"column":13}}},"fnMap":{"0":{"name":"(anonymous_0)","decl":{"start":{"line":11,"column":2},"end":{"line":11,"column":14}},"loc":{"start":{"line":11,"column":25},"end":{"line":15,"column":3}}}},"branchMap":{},"s":{"0":0,"1":0,"2":0,"3":0,"4":0},"f":{"0":0},"b":{}}
,"/Users/ybyu/Documents/env-config/src/utils/loggerUtil.ts": {"path":"/Users/ybyu/Documents/env-config/src/utils/loggerUtil.ts","statementMap":{"0":{"start":{"line":25,"column":4},"end":{"line":25,"column":31}},"1":{"start":{"line":33,"column":4},"end":{"line":33,"column":36}},"2":{"start":{"line":41,"column":4},"end":{"line":43,"column":5}},"3":{"start":{"line":42,"column":6},"end":{"line":42,"column":39}},"4":{"start":{"line":51,"column":4},"end":{"line":53,"column":5}},"5":{"start":{"line":52,"column":6},"end":{"line":52,"column":39}},"6":{"start":{"line":61,"column":4},"end":{"line":63,"column":5}},"7":{"start":{"line":62,"column":6},"end":{"line":62,"column":38}},"8":{"start":{"line":71,"column":4},"end":{"line":73,"column":5}},"9":{"start":{"line":72,"column":6},"end":{"line":72,"column":38}},"10":{"start":{"line":81,"column":4},"end":{"line":83,"column":5}},"11":{"start":{"line":82,"column":6},"end":{"line":82,"column":39}},"12":{"start":{"line":12,"column":17},"end":{"line":12,"column":42}},"13":{"start":{"line":18,"column":17},"end":{"line":18,"column":44}},"14":{"start":{"line":87,"column":0},"end":{"line":87,"column":26}}},"fnMap":{"0":{"name":"(anonymous_0)","decl":{"start":{"line":24,"column":9},"end":{"line":24,"column":15}},"loc":{"start":{"line":24,"column":40},"end":{"line":26,"column":3}}},"1":{"name":"(anonymous_1)","decl":{"start":{"line":32,"column":9},"end":{"line":32,"column":15}},"loc":{"start":{"line":32,"column":50},"end":{"line":34,"column":3}}},"2":{"name":"(anonymous_2)","decl":{"start":{"line":40,"column":9},"end":{"line":40,"column":15}},"loc":{"start":{"line":40,"column":37},"end":{"line":44,"column":3}}},"3":{"name":"(anonymous_3)","decl":{"start":{"line":50,"column":9},"end":{"line":50,"column":15}},"loc":{"start":{"line":50,"column":37},"end":{"line":54,"column":3}}},"4":{"name":"(anonymous_4)","decl":{"start":{"line":60,"column":9},"end":{"line":60,"column":15}},"loc":{"start":{"line":60,"column":36},"end":{"line":64,"column":3}}},"5":{"name":"(anonymous_5)","decl":{"start":{"line":70,"column":9},"end":{"line":70,"column":15}},"loc":{"start":{"line":70,"column":36},"end":{"line":74,"column":3}}},"6":{"name":"(anonymous_6)","decl":{"start":{"line":80,"column":9},"end":{"line":80,"column":15}},"loc":{"start":{"line":80,"column":37},"end":{"line":84,"column":3}}}},"branchMap":{"0":{"loc":{"start":{"line":41,"column":4},"end":{"line":43,"column":5}},"type":"if","locations":[{"start":{"line":41,"column":4},"end":{"line":43,"column":5}}]},"1":{"loc":{"start":{"line":51,"column":4},"end":{"line":53,"column":5}},"type":"if","locations":[{"start":{"line":51,"column":4},"end":{"line":53,"column":5}}]},"2":{"loc":{"start":{"line":61,"column":4},"end":{"line":63,"column":5}},"type":"if","locations":[{"start":{"line":61,"column":4},"end":{"line":63,"column":5}}]},"3":{"loc":{"start":{"line":71,"column":4},"end":{"line":73,"column":5}},"type":"if","locations":[{"start":{"line":71,"column":4},"end":{"line":73,"column":5}}]},"4":{"loc":{"start":{"line":81,"column":4},"end":{"line":83,"column":5}},"type":"if","locations":[{"start":{"line":81,"column":4},"end":{"line":83,"column":5}}]}},"s":{"0":0,"1":0,"2":0,"3":0,"4":0,"5":0,"6":0,"7":0,"8":0,"9":0,"10":0,"11":0,"12":0,"13":0,"14":0},"f":{"0":0,"1":0,"2":0,"3":0,"4":0,"5":0,"6":0},"b":{"0":[0],"1":[0],"2":[0],"3":[0],"4":[0]}}
,"/Users/ybyu/Documents/env-config/src/utils/typeConverterUtil.ts": {"path":"/Users/ybyu/Documents/env-config/src/utils/typeConverterUtil.ts","statementMap":{"0":{"start":{"line":2,"column":0},"end":{"line":2,"column":68}},"1":{"start":{"line":10,"column":24},"end":{"line":18,"column":1}},"2":{"start":{"line":12,"column":14},"end":{"line":12,"column":27}},"3":{"start":{"line":13,"column":2},"end":{"line":15,"column":3}},"4":{"start":{"line":14,"column":4},"end":{"line":14,"column":51}},"5":{"start":{"line":17,"column":2},"end":{"line":17,"column":13}},"6":{"start":{"line":26,"column":25},"end":{"line":41,"column":1}},"7":{"start":{"line":28,"column":23},"end":{"line":28,"column":54}},"8":{"start":{"line":29,"column":22},"end":{"line":29,"column":54}},"9":{"start":{"line":32,"column":23},"end":{"line":32,"column":42}},"10":{"start":{"line":33,"column":2},"end":{"line":37,"column":3}},"11":{"start":{"line":34,"column":4},"end":{"line":34,"column":16}},"12":{"start":{"line":35,"column":9},"end":{"line":37,"column":3}},"13":{"start":{"line":36,"column":4},"end":{"line":36,"column":17}},"14":{"start":{"line":40,"column":2},"end":{"line":40,"column":50}},"15":{"start":{"line":44,"column":26},"end":{"line":47,"column":null}},"16":{"start":{"line":48,"column":0},"end":{"line":48,"column":27}}},"fnMap":{"0":{"name":"(anonymous_0)","decl":{"start":{"line":10,"column":24},"end":{"line":10,"column":25}},"loc":{"start":{"line":10,"column":50},"end":{"line":18,"column":1}}},"1":{"name":"(anonymous_1)","decl":{"start":{"line":26,"column":25},"end":{"line":26,"column":26}},"loc":{"start":{"line":26,"column":52},"end":{"line":41,"column":1}}}},"branchMap":{"0":{"loc":{"start":{"line":13,"column":2},"end":{"line":15,"column":3}},"type":"if","locations":[{"start":{"line":13,"column":2},"end":{"line":15,"column":3}}]},"1":{"loc":{"start":{"line":33,"column":2},"end":{"line":37,"column":3}},"type":"if","locations":[{"start":{"line":33,"column":2},"end":{"line":37,"column":3}},{"start":{"line":35,"column":9},"end":{"line":37,"column":3}}]},"2":{"loc":{"start":{"line":35,"column":9},"end":{"line":37,"column":3}},"type":"if","locations":[{"start":{"line":35,"column":9},"end":{"line":37,"column":3}}]}},"s":{"0":1,"1":1,"2":1,"3":1,"4":0,"5":1,"6":1,"7":0,"8":0,"9":0,"10":0,"11":0,"12":0,"13":0,"14":0,"15":1,"16":1},"f":{"0":1,"1":0},"b":{"0":[0],"1":[0,0],"2":[0]}}
}
