TN:
SF:src/env-var-config.ts
FN:72,config
FN:102,determineFilePath
FN:146,getValue
FN:156,getString
FN:173,getNumber
FN:190,getBoolean
FNF:6
FNH:0
FNDA:0,config
FNDA:0,determineFilePath
FNDA:0,getValue
FNDA:0,getString
FNDA:0,getNumber
FNDA:0,getBoolean
DA:2,0
DA:3,0
DA:4,0
DA:6,0
DA:7,0
DA:37,0
DA:42,0
DA:47,0
DA:74,0
DA:75,0
DA:79,0
DA:80,0
DA:84,0
DA:85,0
DA:86,0
DA:87,0
DA:89,0
DA:104,0
DA:107,0
DA:108,0
DA:109,0
DA:113,0
DA:114,0
DA:118,0
DA:119,0
DA:120,0
DA:121,0
DA:126,0
DA:127,0
DA:128,0
DA:129,0
DA:130,0
DA:131,0
DA:138,0
DA:147,0
DA:158,0
DA:159,0
DA:160,0
DA:164,0
DA:175,0
DA:176,0
DA:177,0
DA:181,0
DA:192,0
DA:193,0
DA:194,0
DA:198,0
DA:204,0
DA:211,0
LF:49
LH:0
BRDA:72,0,0,0
BRDA:74,1,0,0
BRDA:79,2,0,0
BRDA:85,3,0,0
BRDA:85,3,1,0
BRDA:108,4,0,0
BRDA:108,5,0,0
BRDA:108,5,1,0
BRDA:113,6,0,0
BRDA:118,7,0,0
BRDA:120,8,0,0
BRDA:120,9,0,0
BRDA:120,9,1,0
BRDA:128,10,0,0
BRDA:130,11,0,0
BRDA:159,12,0,0
BRDA:176,13,0,0
BRDA:193,14,0,0
BRF:18
BRH:0
end_of_record
TN:
SF:src/errors/envConfigError.ts
FN:9,(anonymous_0)
FNF:1
FNH:0
FNDA:0,(anonymous_0)
DA:4,1
DA:10,0
DA:11,0
DA:12,0
LF:4
LH:1
BRF:0
BRH:0
end_of_record
TN:
SF:src/errors/typeConversionError.ts
FN:13,(anonymous_0)
FNF:1
FNH:0
FNDA:0,(anonymous_0)
DA:1,1
DA:7,1
DA:14,0
DA:15,0
DA:16,0
LF:5
LH:2
BRF:0
BRH:0
end_of_record
TN:
SF:src/errors/undefinedEnvVarError.ts
FN:11,(anonymous_0)
FNF:1
FNH:0
FNDA:0,(anonymous_0)
DA:1,0
DA:6,0
DA:12,0
DA:13,0
DA:14,0
LF:5
LH:0
BRF:0
BRH:0
end_of_record
TN:
SF:src/utils/loggerUtil.ts
FN:24,(anonymous_0)
FN:32,(anonymous_1)
FN:40,(anonymous_2)
FN:50,(anonymous_3)
FN:60,(anonymous_4)
FN:70,(anonymous_5)
FN:80,(anonymous_6)
FNF:7
FNH:0
FNDA:0,(anonymous_0)
FNDA:0,(anonymous_1)
FNDA:0,(anonymous_2)
FNDA:0,(anonymous_3)
FNDA:0,(anonymous_4)
FNDA:0,(anonymous_5)
FNDA:0,(anonymous_6)
DA:12,0
DA:18,0
DA:25,0
DA:33,0
DA:41,0
DA:42,0
DA:51,0
DA:52,0
DA:61,0
DA:62,0
DA:71,0
DA:72,0
DA:81,0
DA:82,0
DA:87,0
LF:15
LH:0
BRDA:41,0,0,0
BRDA:51,1,0,0
BRDA:61,2,0,0
BRDA:71,3,0,0
BRDA:81,4,0,0
BRF:5
BRH:0
end_of_record
TN:
SF:src/utils/typeConverterUtil.ts
FN:10,(anonymous_0)
FN:26,(anonymous_1)
FNF:2
FNH:1
FNDA:1,(anonymous_0)
FNDA:0,(anonymous_1)
DA:2,1
DA:10,1
DA:12,1
DA:13,1
DA:14,0
DA:17,1
DA:26,1
DA:28,0
DA:29,0
DA:32,0
DA:33,0
DA:34,0
DA:35,0
DA:36,0
DA:40,0
DA:44,1
DA:48,1
LF:17
LH:8
BRDA:13,0,0,0
BRDA:33,1,0,0
BRDA:33,1,1,0
BRDA:35,2,0,0
BRF:4
BRH:0
end_of_record
